<?xml version="1.0" encoding="UTF-8"?>
<!-- Generated by org.testng.reporters.JUnitReportReporter -->
<testsuite hostname="DESKTOP-KUBNMO4" failures="0" tests="1" name="webpage.AnnotationExample" time="0.016" errors="0" timestamp="2022-08-03T18:10:05 IST" skipped="0">
  <testcase classname="webpage.AnnotationExample" name="testMethod" time="0.016"/>
  <system-out/>
</testsuite> <!-- webpage.AnnotationExample -->
