<?xml version="1.0" encoding="UTF-8"?>
<!-- Generated by org.testng.reporters.JUnitReportReporter -->
<testsuite hostname="DESKTOP-KUBNMO4" failures="0" tests="2" name="webpage.Parent" time="137.911" errors="0" timestamp="2022-08-11T22:08:36 IST" skipped="0">
  <testcase classname="webpage.Parent" name="enterpersonaldetails" time="89.011"/>
  <system-out/>
  <testcase classname="webpage.Parent" name="clickonQuickLaunchRun" time="48.900"/>
  <system-out/>
</testsuite> <!-- webpage.Parent -->
