<?xml version="1.0" encoding="UTF-8"?>
<!-- Generated by org.testng.reporters.JUnitReportReporter -->
<testsuite hostname="DESKTOP-KUBNMO4" failures="0" tests="1" name="webpage.Amazon" time="54.599" errors="0" timestamp="2022-08-11T21:24:46 IST" skipped="0">
  <testcase classname="webpage.Amazon" name="searchItem" time="54.599"/>
  <system-out/>
</testsuite> <!-- webpage.Amazon -->
